  MainCode.cpp
  SceneManager.cpp
C:\Users\DD\Desktop\local-CS330\CS330Content\Projects\7-1_FinalProjectMilestones_Edward-Johnson\Source\SceneManager.cpp(232,16): warning C4018: '<': signed/unsigned mismatch
C:\Users\DD\Desktop\local-CS330\CS330Content\Projects\7-1_FinalProjectMilestones_Edward-Johnson\Source\SceneManager.cpp(445,29): warning C4305: '=': truncation from 'double' to 'float'
C:\Users\DD\Desktop\local-CS330\CS330Content\Projects\7-1_FinalProjectMilestones_Edward-Johnson\Source\SceneManager.cpp(454,27): warning C4305: '=': truncation from 'double' to 'float'
C:\Users\DD\Desktop\local-CS330\CS330Content\Projects\7-1_FinalProjectMilestones_Edward-Johnson\Source\SceneManager.cpp(481,27): warning C4305: '=': truncation from 'double' to 'float'
C:\Users\DD\Desktop\local-CS330\CS330Content\Projects\7-1_FinalProjectMilestones_Edward-Johnson\Source\SceneManager.cpp(1149,29): warning C4244: 'initializing': conversion from 'double' to 'float', possible loss of data
  ShapeMeshes.cpp
C:\Users\DD\Desktop\local-CS330\CS330Content\Projects\7-1_FinalProjectMilestones_Edward-Johnson\Source\ShapeMeshes.cpp(788,59): warning C4305: 'initializing': truncation from 'double' to 'GLfloat'
C:\Users\DD\Desktop\local-CS330\CS330Content\Projects\7-1_FinalProjectMilestones_Edward-Johnson\Source\ShapeMeshes.cpp(790,59): warning C4305: 'initializing': truncation from 'double' to 'GLfloat'
C:\Users\DD\Desktop\local-CS330\CS330Content\Projects\7-1_FinalProjectMilestones_Edward-Johnson\Source\ShapeMeshes.cpp(791,59): warning C4305: 'initializing': truncation from 'double' to 'GLfloat'
C:\Users\DD\Desktop\local-CS330\CS330Content\Projects\7-1_FinalProjectMilestones_Edward-Johnson\Source\ShapeMeshes.cpp(792,59): warning C4305: 'initializing': truncation from 'double' to 'GLfloat'
C:\Users\DD\Desktop\local-CS330\CS330Content\Projects\7-1_FinalProjectMilestones_Edward-Johnson\Source\ShapeMeshes.cpp(793,59): warning C4305: 'initializing': truncation from 'double' to 'GLfloat'
C:\Users\DD\Desktop\local-CS330\CS330Content\Projects\7-1_FinalProjectMilestones_Edward-Johnson\Source\ShapeMeshes.cpp(794,59): warning C4305: 'initializing': truncation from 'double' to 'GLfloat'
C:\Users\DD\Desktop\local-CS330\CS330Content\Projects\7-1_FinalProjectMilestones_Edward-Johnson\Source\ShapeMeshes.cpp(795,59): warning C4305: 'initializing': truncation from 'double' to 'GLfloat'
C:\Users\DD\Desktop\local-CS330\CS330Content\Projects\7-1_FinalProjectMilestones_Edward-Johnson\Source\ShapeMeshes.cpp(796,58): warning C4305: 'initializing': truncation from 'double' to 'GLfloat'
C:\Users\DD\Desktop\local-CS330\CS330Content\Projects\7-1_FinalProjectMilestones_Edward-Johnson\Source\ShapeMeshes.cpp(797,59): warning C4305: 'initializing': truncation from 'double' to 'GLfloat'
C:\Users\DD\Desktop\local-CS330\CS330Content\Projects\7-1_FinalProjectMilestones_Edward-Johnson\Source\ShapeMeshes.cpp(798,58): warning C4305: 'initializing': truncation from 'double' to 'GLfloat'
C:\Users\DD\Desktop\local-CS330\CS330Content\Projects\7-1_FinalProjectMilestones_Edward-Johnson\Source\ShapeMeshes.cpp(799,58): warning C4305: 'initializing': truncation from 'double' to 'GLfloat'
C:\Users\DD\Desktop\local-CS330\CS330Content\Projects\7-1_FinalProjectMilestones_Edward-Johnson\Source\ShapeMeshes.cpp(800,59): warning C4305: 'initializing': truncation from 'double' to 'GLfloat'
C:\Users\DD\Desktop\local-CS330\CS330Content\Projects\7-1_FinalProjectMilestones_Edward-Johnson\Source\ShapeMeshes.cpp(801,58): warning C4305: 'initializing': truncation from 'double' to 'GLfloat'
C:\Users\DD\Desktop\local-CS330\CS330Content\Projects\7-1_FinalProjectMilestones_Edward-Johnson\Source\ShapeMeshes.cpp(802,59): warning C4305: 'initializing': truncation from 'double' to 'GLfloat'
C:\Users\DD\Desktop\local-CS330\CS330Content\Projects\7-1_FinalProjectMilestones_Edward-Johnson\Source\ShapeMeshes.cpp(803,59): warning C4305: 'initializing': truncation from 'double' to 'GLfloat'
C:\Users\DD\Desktop\local-CS330\CS330Content\Projects\7-1_FinalProjectMilestones_Edward-Johnson\Source\ShapeMeshes.cpp(804,59): warning C4305: 'initializing': truncation from 'double' to 'GLfloat'
C:\Users\DD\Desktop\local-CS330\CS330Content\Projects\7-1_FinalProjectMilestones_Edward-Johnson\Source\ShapeMeshes.cpp(805,59): warning C4305: 'initializing': truncation from 'double' to 'GLfloat'
C:\Users\DD\Desktop\local-CS330\CS330Content\Projects\7-1_FinalProjectMilestones_Edward-Johnson\Source\ShapeMeshes.cpp(806,59): warning C4305: 'initializing': truncation from 'double' to 'GLfloat'
C:\Users\DD\Desktop\local-CS330\CS330Content\Projects\7-1_FinalProjectMilestones_Edward-Johnson\Source\ShapeMeshes.cpp(807,59): warning C4305: 'initializing': truncation from 'double' to 'GLfloat'
C:\Users\DD\Desktop\local-CS330\CS330Content\Projects\7-1_FinalProjectMilestones_Edward-Johnson\Source\ShapeMeshes.cpp(808,58): warning C4305: 'initializing': truncation from 'double' to 'GLfloat'
C:\Users\DD\Desktop\local-CS330\CS330Content\Projects\7-1_FinalProjectMilestones_Edward-Johnson\Source\ShapeMeshes.cpp(809,59): warning C4305: 'initializing': truncation from 'double' to 'GLfloat'
C:\Users\DD\Desktop\local-CS330\CS330Content\Projects\7-1_FinalProjectMilestones_Edward-Johnson\Source\ShapeMeshes.cpp(810,58): warning C4305: 'initializing': truncation from 'double' to 'GLfloat'
C:\Users\DD\Desktop\local-CS330\CS330Content\Projects\7-1_FinalProjectMilestones_Edward-Johnson\Source\ShapeMeshes.cpp(811,58): warning C4305: 'initializing': truncation from 'double' to 'GLfloat'
C:\Users\DD\Desktop\local-CS330\CS330Content\Projects\7-1_FinalProjectMilestones_Edward-Johnson\Source\ShapeMeshes.cpp(812,59): warning C4305: 'initializing': truncation from 'double' to 'GLfloat'
C:\Users\DD\Desktop\local-CS330\CS330Content\Projects\7-1_FinalProjectMilestones_Edward-Johnson\Source\ShapeMeshes.cpp(813,58): warning C4305: 'initializing': truncation from 'double' to 'GLfloat'
C:\Users\DD\Desktop\local-CS330\CS330Content\Projects\7-1_FinalProjectMilestones_Edward-Johnson\Source\ShapeMeshes.cpp(814,59): warning C4305: 'initializing': truncation from 'double' to 'GLfloat'
C:\Users\DD\Desktop\local-CS330\CS330Content\Projects\7-1_FinalProjectMilestones_Edward-Johnson\Source\ShapeMeshes.cpp(815,59): warning C4305: 'initializing': truncation from 'double' to 'GLfloat'
C:\Users\DD\Desktop\local-CS330\CS330Content\Projects\7-1_FinalProjectMilestones_Edward-Johnson\Source\ShapeMeshes.cpp(816,59): warning C4305: 'initializing': truncation from 'double' to 'GLfloat'
C:\Users\DD\Desktop\local-CS330\CS330Content\Projects\7-1_FinalProjectMilestones_Edward-Johnson\Source\ShapeMeshes.cpp(817,59): warning C4305: 'initializing': truncation from 'double' to 'GLfloat'
C:\Users\DD\Desktop\local-CS330\CS330Content\Projects\7-1_FinalProjectMilestones_Edward-Johnson\Source\ShapeMeshes.cpp(818,59): warning C4305: 'initializing': truncation from 'double' to 'GLfloat'
C:\Users\DD\Desktop\local-CS330\CS330Content\Projects\7-1_FinalProjectMilestones_Edward-Johnson\Source\ShapeMeshes.cpp(819,59): warning C4305: 'initializing': truncation from 'double' to 'GLfloat'
C:\Users\DD\Desktop\local-CS330\CS330Content\Projects\7-1_FinalProjectMilestones_Edward-Johnson\Source\ShapeMeshes.cpp(820,58): warning C4305: 'initializing': truncation from 'double' to 'GLfloat'
C:\Users\DD\Desktop\local-CS330\CS330Content\Projects\7-1_FinalProjectMilestones_Edward-Johnson\Source\ShapeMeshes.cpp(821,59): warning C4305: 'initializing': truncation from 'double' to 'GLfloat'
C:\Users\DD\Desktop\local-CS330\CS330Content\Projects\7-1_FinalProjectMilestones_Edward-Johnson\Source\ShapeMeshes.cpp(822,58): warning C4305: 'initializing': truncation from 'double' to 'GLfloat'
C:\Users\DD\Desktop\local-CS330\CS330Content\Projects\7-1_FinalProjectMilestones_Edward-Johnson\Source\ShapeMeshes.cpp(823,58): warning C4305: 'initializing': truncation from 'double' to 'GLfloat'
C:\Users\DD\Desktop\local-CS330\CS330Content\Projects\7-1_FinalProjectMilestones_Edward-Johnson\Source\ShapeMeshes.cpp(824,60): warning C4305: 'initializing': truncation from 'double' to 'GLfloat'
C:\Users\DD\Desktop\local-CS330\CS330Content\Projects\7-1_FinalProjectMilestones_Edward-Johnson\Source\ShapeMeshes.cpp(825,59): warning C4305: 'initializing': truncation from 'double' to 'GLfloat'
C:\Users\DD\Desktop\local-CS330\CS330Content\Projects\7-1_FinalProjectMilestones_Edward-Johnson\Source\ShapeMeshes.cpp(826,60): warning C4305: 'initializing': truncation from 'double' to 'GLfloat'
C:\Users\DD\Desktop\local-CS330\CS330Content\Projects\7-1_FinalProjectMilestones_Edward-Johnson\Source\ShapeMeshes.cpp(827,60): warning C4305: 'initializing': truncation from 'double' to 'GLfloat'
C:\Users\DD\Desktop\local-CS330\CS330Content\Projects\7-1_FinalProjectMilestones_Edward-Johnson\Source\ShapeMeshes.cpp(828,60): warning C4305: 'initializing': truncation from 'double' to 'GLfloat'
C:\Users\DD\Desktop\local-CS330\CS330Content\Projects\7-1_FinalProjectMilestones_Edward-Johnson\Source\ShapeMeshes.cpp(829,60): warning C4305: 'initializing': truncation from 'double' to 'GLfloat'
C:\Users\DD\Desktop\local-CS330\CS330Content\Projects\7-1_FinalProjectMilestones_Edward-Johnson\Source\ShapeMeshes.cpp(830,60): warning C4305: 'initializing': truncation from 'double' to 'GLfloat'
C:\Users\DD\Desktop\local-CS330\CS330Content\Projects\7-1_FinalProjectMilestones_Edward-Johnson\Source\ShapeMeshes.cpp(831,60): warning C4305: 'initializing': truncation from 'double' to 'GLfloat'
C:\Users\DD\Desktop\local-CS330\CS330Content\Projects\7-1_FinalProjectMilestones_Edward-Johnson\Source\ShapeMeshes.cpp(832,60): warning C4305: 'initializing': truncation from 'double' to 'GLfloat'
C:\Users\DD\Desktop\local-CS330\CS330Content\Projects\7-1_FinalProjectMilestones_Edward-Johnson\Source\ShapeMeshes.cpp(833,60): warning C4305: 'initializing': truncation from 'double' to 'GLfloat'
C:\Users\DD\Desktop\local-CS330\CS330Content\Projects\7-1_FinalProjectMilestones_Edward-Johnson\Source\ShapeMeshes.cpp(834,60): warning C4305: 'initializing': truncation from 'double' to 'GLfloat'
C:\Users\DD\Desktop\local-CS330\CS330Content\Projects\7-1_FinalProjectMilestones_Edward-Johnson\Source\ShapeMeshes.cpp(835,60): warning C4305: 'initializing': truncation from 'double' to 'GLfloat'
C:\Users\DD\Desktop\local-CS330\CS330Content\Projects\7-1_FinalProjectMilestones_Edward-Johnson\Source\ShapeMeshes.cpp(836,60): warning C4305: 'initializing': truncation from 'double' to 'GLfloat'
C:\Users\DD\Desktop\local-CS330\CS330Content\Projects\7-1_FinalProjectMilestones_Edward-Johnson\Source\ShapeMeshes.cpp(837,60): warning C4305: 'initializing': truncation from 'double' to 'GLfloat'
C:\Users\DD\Desktop\local-CS330\CS330Content\Projects\7-1_FinalProjectMilestones_Edward-Johnson\Source\ShapeMeshes.cpp(838,60): warning C4305: 'initializing': truncation from 'double' to 'GLfloat'
C:\Users\DD\Desktop\local-CS330\CS330Content\Projects\7-1_FinalProjectMilestones_Edward-Johnson\Source\ShapeMeshes.cpp(839,60): warning C4305: 'initializing': truncation from 'double' to 'GLfloat'
C:\Users\DD\Desktop\local-CS330\CS330Content\Projects\7-1_FinalProjectMilestones_Edward-Johnson\Source\ShapeMeshes.cpp(840,60): warning C4305: 'initializing': truncation from 'double' to 'GLfloat'
C:\Users\DD\Desktop\local-CS330\CS330Content\Projects\7-1_FinalProjectMilestones_Edward-Johnson\Source\ShapeMeshes.cpp(841,60): warning C4305: 'initializing': truncation from 'double' to 'GLfloat'
C:\Users\DD\Desktop\local-CS330\CS330Content\Projects\7-1_FinalProjectMilestones_Edward-Johnson\Source\ShapeMeshes.cpp(842,60): warning C4305: 'initializing': truncation from 'double' to 'GLfloat'
C:\Users\DD\Desktop\local-CS330\CS330Content\Projects\7-1_FinalProjectMilestones_Edward-Johnson\Source\ShapeMeshes.cpp(843,60): warning C4305: 'initializing': truncation from 'double' to 'GLfloat'
C:\Users\DD\Desktop\local-CS330\CS330Content\Projects\7-1_FinalProjectMilestones_Edward-Johnson\Source\ShapeMeshes.cpp(844,60): warning C4305: 'initializing': truncation from 'double' to 'GLfloat'
C:\Users\DD\Desktop\local-CS330\CS330Content\Projects\7-1_FinalProjectMilestones_Edward-Johnson\Source\ShapeMeshes.cpp(845,60): warning C4305: 'initializing': truncation from 'double' to 'GLfloat'
C:\Users\DD\Desktop\local-CS330\CS330Content\Projects\7-1_FinalProjectMilestones_Edward-Johnson\Source\ShapeMeshes.cpp(846,60): warning C4305: 'initializing': truncation from 'double' to 'GLfloat'
C:\Users\DD\Desktop\local-CS330\CS330Content\Projects\7-1_FinalProjectMilestones_Edward-Johnson\Source\ShapeMeshes.cpp(847,60): warning C4305: 'initializing': truncation from 'double' to 'GLfloat'
C:\Users\DD\Desktop\local-CS330\CS330Content\Projects\7-1_FinalProjectMilestones_Edward-Johnson\Source\ShapeMeshes.cpp(848,60): warning C4305: 'initializing': truncation from 'double' to 'GLfloat'
C:\Users\DD\Desktop\local-CS330\CS330Content\Projects\7-1_FinalProjectMilestones_Edward-Johnson\Source\ShapeMeshes.cpp(849,60): warning C4305: 'initializing': truncation from 'double' to 'GLfloat'
C:\Users\DD\Desktop\local-CS330\CS330Content\Projects\7-1_FinalProjectMilestones_Edward-Johnson\Source\ShapeMeshes.cpp(850,60): warning C4305: 'initializing': truncation from 'double' to 'GLfloat'
C:\Users\DD\Desktop\local-CS330\CS330Content\Projects\7-1_FinalProjectMilestones_Edward-Johnson\Source\ShapeMeshes.cpp(851,60): warning C4305: 'initializing': truncation from 'double' to 'GLfloat'
C:\Users\DD\Desktop\local-CS330\CS330Content\Projects\7-1_FinalProjectMilestones_Edward-Johnson\Source\ShapeMeshes.cpp(852,60): warning C4305: 'initializing': truncation from 'double' to 'GLfloat'
C:\Users\DD\Desktop\local-CS330\CS330Content\Projects\7-1_FinalProjectMilestones_Edward-Johnson\Source\ShapeMeshes.cpp(853,60): warning C4305: 'initializing': truncation from 'double' to 'GLfloat'
C:\Users\DD\Desktop\local-CS330\CS330Content\Projects\7-1_FinalProjectMilestones_Edward-Johnson\Source\ShapeMeshes.cpp(854,60): warning C4305: 'initializing': truncation from 'double' to 'GLfloat'
C:\Users\DD\Desktop\local-CS330\CS330Content\Projects\7-1_FinalProjectMilestones_Edward-Johnson\Source\ShapeMeshes.cpp(855,60): warning C4305: 'initializing': truncation from 'double' to 'GLfloat'
C:\Users\DD\Desktop\local-CS330\CS330Content\Projects\7-1_FinalProjectMilestones_Edward-Johnson\Source\ShapeMeshes.cpp(856,59): warning C4305: 'initializing': truncation from 'double' to 'GLfloat'
C:\Users\DD\Desktop\local-CS330\CS330Content\Projects\7-1_FinalProjectMilestones_Edward-Johnson\Source\ShapeMeshes.cpp(857,60): warning C4305: 'initializing': truncation from 'double' to 'GLfloat'
C:\Users\DD\Desktop\local-CS330\CS330Content\Projects\7-1_FinalProjectMilestones_Edward-Johnson\Source\ShapeMeshes.cpp(858,59): warning C4305: 'initializing': truncation from 'double' to 'GLfloat'
C:\Users\DD\Desktop\local-CS330\CS330Content\Projects\7-1_FinalProjectMilestones_Edward-Johnson\Source\ShapeMeshes.cpp(859,59): warning C4305: 'initializing': truncation from 'double' to 'GLfloat'
C:\Users\DD\Desktop\local-CS330\CS330Content\Projects\7-1_FinalProjectMilestones_Edward-Johnson\Source\ShapeMeshes.cpp(860,59): warning C4305: 'initializing': truncation from 'double' to 'GLfloat'
C:\Users\DD\Desktop\local-CS330\CS330Content\Projects\7-1_FinalProjectMilestones_Edward-Johnson\Source\ShapeMeshes.cpp(861,58): warning C4305: 'initializing': truncation from 'double' to 'GLfloat'
C:\Users\DD\Desktop\local-CS330\CS330Content\Projects\7-1_FinalProjectMilestones_Edward-Johnson\Source\ShapeMeshes.cpp(862,59): warning C4305: 'initializing': truncation from 'double' to 'GLfloat'
C:\Users\DD\Desktop\local-CS330\CS330Content\Projects\7-1_FinalProjectMilestones_Edward-Johnson\Source\ShapeMeshes.cpp(863,59): warning C4305: 'initializing': truncation from 'double' to 'GLfloat'
C:\Users\DD\Desktop\local-CS330\CS330Content\Projects\7-1_FinalProjectMilestones_Edward-Johnson\Source\ShapeMeshes.cpp(864,59): warning C4305: 'initializing': truncation from 'double' to 'GLfloat'
C:\Users\DD\Desktop\local-CS330\CS330Content\Projects\7-1_FinalProjectMilestones_Edward-Johnson\Source\ShapeMeshes.cpp(865,59): warning C4305: 'initializing': truncation from 'double' to 'GLfloat'
C:\Users\DD\Desktop\local-CS330\CS330Content\Projects\7-1_FinalProjectMilestones_Edward-Johnson\Source\ShapeMeshes.cpp(866,59): warning C4305: 'initializing': truncation from 'double' to 'GLfloat'
C:\Users\DD\Desktop\local-CS330\CS330Content\Projects\7-1_FinalProjectMilestones_Edward-Johnson\Source\ShapeMeshes.cpp(867,59): warning C4305: 'initializing': truncation from 'double' to 'GLfloat'
C:\Users\DD\Desktop\local-CS330\CS330Content\Projects\7-1_FinalProjectMilestones_Edward-Johnson\Source\ShapeMeshes.cpp(868,58): warning C4305: 'initializing': truncation from 'double' to 'GLfloat'
C:\Users\DD\Desktop\local-CS330\CS330Content\Projects\7-1_FinalProjectMilestones_Edward-Johnson\Source\ShapeMeshes.cpp(869,59): warning C4305: 'initializing': truncation from 'double' to 'GLfloat'
C:\Users\DD\Desktop\local-CS330\CS330Content\Projects\7-1_FinalProjectMilestones_Edward-Johnson\Source\ShapeMeshes.cpp(870,58): warning C4305: 'initializing': truncation from 'double' to 'GLfloat'
C:\Users\DD\Desktop\local-CS330\CS330Content\Projects\7-1_FinalProjectMilestones_Edward-Johnson\Source\ShapeMeshes.cpp(871,58): warning C4305: 'initializing': truncation from 'double' to 'GLfloat'
C:\Users\DD\Desktop\local-CS330\CS330Content\Projects\7-1_FinalProjectMilestones_Edward-Johnson\Source\ShapeMeshes.cpp(872,59): warning C4305: 'initializing': truncation from 'double' to 'GLfloat'
C:\Users\DD\Desktop\local-CS330\CS330Content\Projects\7-1_FinalProjectMilestones_Edward-Johnson\Source\ShapeMeshes.cpp(873,58): warning C4305: 'initializing': truncation from 'double' to 'GLfloat'
C:\Users\DD\Desktop\local-CS330\CS330Content\Projects\7-1_FinalProjectMilestones_Edward-Johnson\Source\ShapeMeshes.cpp(874,59): warning C4305: 'initializing': truncation from 'double' to 'GLfloat'
C:\Users\DD\Desktop\local-CS330\CS330Content\Projects\7-1_FinalProjectMilestones_Edward-Johnson\Source\ShapeMeshes.cpp(875,59): warning C4305: 'initializing': truncation from 'double' to 'GLfloat'
C:\Users\DD\Desktop\local-CS330\CS330Content\Projects\7-1_FinalProjectMilestones_Edward-Johnson\Source\ShapeMeshes.cpp(876,59): warning C4305: 'initializing': truncation from 'double' to 'GLfloat'
C:\Users\DD\Desktop\local-CS330\CS330Content\Projects\7-1_FinalProjectMilestones_Edward-Johnson\Source\ShapeMeshes.cpp(877,59): warning C4305: 'initializing': truncation from 'double' to 'GLfloat'
C:\Users\DD\Desktop\local-CS330\CS330Content\Projects\7-1_FinalProjectMilestones_Edward-Johnson\Source\ShapeMeshes.cpp(878,59): warning C4305: 'initializing': truncation from 'double' to 'GLfloat'
C:\Users\DD\Desktop\local-CS330\CS330Content\Projects\7-1_FinalProjectMilestones_Edward-Johnson\Source\ShapeMeshes.cpp(879,59): warning C4305: 'initializing': truncation from 'double' to 'GLfloat'
C:\Users\DD\Desktop\local-CS330\CS330Content\Projects\7-1_FinalProjectMilestones_Edward-Johnson\Source\ShapeMeshes.cpp(880,58): warning C4305: 'initializing': truncation from 'double' to 'GLfloat'
C:\Users\DD\Desktop\local-CS330\CS330Content\Projects\7-1_FinalProjectMilestones_Edward-Johnson\Source\ShapeMeshes.cpp(881,59): warning C4305: 'initializing': truncation from 'double' to 'GLfloat'
C:\Users\DD\Desktop\local-CS330\CS330Content\Projects\7-1_FinalProjectMilestones_Edward-Johnson\Source\ShapeMeshes.cpp(882,58): warning C4305: 'initializing': truncation from 'double' to 'GLfloat'
C:\Users\DD\Desktop\local-CS330\CS330Content\Projects\7-1_FinalProjectMilestones_Edward-Johnson\Source\ShapeMeshes.cpp(883,58): warning C4305: 'initializing': truncation from 'double' to 'GLfloat'
C:\Users\DD\Desktop\local-CS330\CS330Content\Projects\7-1_FinalProjectMilestones_Edward-Johnson\Source\ShapeMeshes.cpp(884,59): warning C4305: 'initializing': truncation from 'double' to 'GLfloat'
C:\Users\DD\Desktop\local-CS330\CS330Content\Projects\7-1_FinalProjectMilestones_Edward-Johnson\Source\ShapeMeshes.cpp(885,58): warning C4305: 'initializing': truncation from 'double' to 'GLfloat'
C:\Users\DD\Desktop\local-CS330\CS330Content\Projects\7-1_FinalProjectMilestones_Edward-Johnson\Source\ShapeMeshes.cpp(886,59): warning C4305: 'initializing': truncation from 'double' to 'GLfloat'
C:\Users\DD\Desktop\local-CS330\CS330Content\Projects\7-1_FinalProjectMilestones_Edward-Johnson\Source\ShapeMeshes.cpp(887,59): warning C4305: 'initializing': truncation from 'double' to 'GLfloat'
C:\Users\DD\Desktop\local-CS330\CS330Content\Projects\7-1_FinalProjectMilestones_Edward-Johnson\Source\ShapeMeshes.cpp(888,59): warning C4305: 'initializing': truncation from 'double' to 'GLfloat'
C:\Users\DD\Desktop\local-CS330\CS330Content\Projects\7-1_FinalProjectMilestones_Edward-Johnson\Source\ShapeMeshes.cpp(889,59): warning C4305: 'initializing': truncation from 'double' to 'GLfloat'
C:\Users\DD\Desktop\local-CS330\CS330Content\Projects\7-1_FinalProjectMilestones_Edward-Johnson\Source\ShapeMeshes.cpp(890,59): warning C4305: 'initializing': truncation from 'double' to 'GLfloat'
C:\Users\DD\Desktop\local-CS330\CS330Content\Projects\7-1_FinalProjectMilestones_Edward-Johnson\Source\ShapeMeshes.cpp(891,59): warning C4305: 'initializing': truncation from 'double' to 'GLfloat'
C:\Users\DD\Desktop\local-CS330\CS330Content\Projects\7-1_FinalProjectMilestones_Edward-Johnson\Source\ShapeMeshes.cpp(892,56): warning C4305: 'initializing': truncation from 'double' to 'GLfloat'
C:\Users\DD\Desktop\local-CS330\CS330Content\Projects\7-1_FinalProjectMilestones_Edward-Johnson\Source\ShapeMeshes.cpp(893,59): warning C4305: 'initializing': truncation from 'double' to 'GLfloat'
C:\Users\DD\Desktop\local-CS330\CS330Content\Projects\7-1_FinalProjectMilestones_Edward-Johnson\Source\ShapeMeshes.cpp(894,56): warning C4305: 'initializing': truncation from 'double' to 'GLfloat'
C:\Users\DD\Desktop\local-CS330\CS330Content\Projects\7-1_FinalProjectMilestones_Edward-Johnson\Source\ShapeMeshes.cpp(895,56): warning C4305: 'initializing': truncation from 'double' to 'GLfloat'
C:\Users\DD\Desktop\local-CS330\CS330Content\Projects\7-1_FinalProjectMilestones_Edward-Johnson\Source\ShapeMeshes.cpp(896,57): warning C4305: 'initializing': truncation from 'double' to 'GLfloat'
C:\Users\DD\Desktop\local-CS330\CS330Content\Projects\7-1_FinalProjectMilestones_Edward-Johnson\Source\ShapeMeshes.cpp(897,56): warning C4305: 'initializing': truncation from 'double' to 'GLfloat'
C:\Users\DD\Desktop\local-CS330\CS330Content\Projects\7-1_FinalProjectMilestones_Edward-Johnson\Source\ShapeMeshes.cpp(898,57): warning C4305: 'initializing': truncation from 'double' to 'GLfloat'
C:\Users\DD\Desktop\local-CS330\CS330Content\Projects\7-1_FinalProjectMilestones_Edward-Johnson\Source\ShapeMeshes.cpp(899,57): warning C4305: 'initializing': truncation from 'double' to 'GLfloat'
C:\Users\DD\Desktop\local-CS330\CS330Content\Projects\7-1_FinalProjectMilestones_Edward-Johnson\Source\ShapeMeshes.cpp(900,57): warning C4305: 'initializing': truncation from 'double' to 'GLfloat'
C:\Users\DD\Desktop\local-CS330\CS330Content\Projects\7-1_FinalProjectMilestones_Edward-Johnson\Source\ShapeMeshes.cpp(901,57): warning C4305: 'initializing': truncation from 'double' to 'GLfloat'
C:\Users\DD\Desktop\local-CS330\CS330Content\Projects\7-1_FinalProjectMilestones_Edward-Johnson\Source\ShapeMeshes.cpp(902,57): warning C4305: 'initializing': truncation from 'double' to 'GLfloat'
C:\Users\DD\Desktop\local-CS330\CS330Content\Projects\7-1_FinalProjectMilestones_Edward-Johnson\Source\ShapeMeshes.cpp(903,57): warning C4305: 'initializing': truncation from 'double' to 'GLfloat'
C:\Users\DD\Desktop\local-CS330\CS330Content\Projects\7-1_FinalProjectMilestones_Edward-Johnson\Source\ShapeMeshes.cpp(904,56): warning C4305: 'initializing': truncation from 'double' to 'GLfloat'
C:\Users\DD\Desktop\local-CS330\CS330Content\Projects\7-1_FinalProjectMilestones_Edward-Johnson\Source\ShapeMeshes.cpp(905,57): warning C4305: 'initializing': truncation from 'double' to 'GLfloat'
C:\Users\DD\Desktop\local-CS330\CS330Content\Projects\7-1_FinalProjectMilestones_Edward-Johnson\Source\ShapeMeshes.cpp(906,56): warning C4305: 'initializing': truncation from 'double' to 'GLfloat'
C:\Users\DD\Desktop\local-CS330\CS330Content\Projects\7-1_FinalProjectMilestones_Edward-Johnson\Source\ShapeMeshes.cpp(907,56): warning C4305: 'initializing': truncation from 'double' to 'GLfloat'
C:\Users\DD\Desktop\local-CS330\CS330Content\Projects\7-1_FinalProjectMilestones_Edward-Johnson\Source\ShapeMeshes.cpp(908,57): warning C4305: 'initializing': truncation from 'double' to 'GLfloat'
C:\Users\DD\Desktop\local-CS330\CS330Content\Projects\7-1_FinalProjectMilestones_Edward-Johnson\Source\ShapeMeshes.cpp(909,56): warning C4305: 'initializing': truncation from 'double' to 'GLfloat'
C:\Users\DD\Desktop\local-CS330\CS330Content\Projects\7-1_FinalProjectMilestones_Edward-Johnson\Source\ShapeMeshes.cpp(910,57): warning C4305: 'initializing': truncation from 'double' to 'GLfloat'
C:\Users\DD\Desktop\local-CS330\CS330Content\Projects\7-1_FinalProjectMilestones_Edward-Johnson\Source\ShapeMeshes.cpp(911,57): warning C4305: 'initializing': truncation from 'double' to 'GLfloat'
C:\Users\DD\Desktop\local-CS330\CS330Content\Projects\7-1_FinalProjectMilestones_Edward-Johnson\Source\ShapeMeshes.cpp(912,57): warning C4305: 'initializing': truncation from 'double' to 'GLfloat'
C:\Users\DD\Desktop\local-CS330\CS330Content\Projects\7-1_FinalProjectMilestones_Edward-Johnson\Source\ShapeMeshes.cpp(913,57): warning C4305: 'initializing': truncation from 'double' to 'GLfloat'
C:\Users\DD\Desktop\local-CS330\CS330Content\Projects\7-1_FinalProjectMilestones_Edward-Johnson\Source\ShapeMeshes.cpp(914,57): warning C4305: 'initializing': truncation from 'double' to 'GLfloat'
C:\Users\DD\Desktop\local-CS330\CS330Content\Projects\7-1_FinalProjectMilestones_Edward-Johnson\Source\ShapeMeshes.cpp(915,57): warning C4305: 'initializing': truncation from 'double' to 'GLfloat'
C:\Users\DD\Desktop\local-CS330\CS330Content\Projects\7-1_FinalProjectMilestones_Edward-Johnson\Source\ShapeMeshes.cpp(916,56): warning C4305: 'initializing': truncation from 'double' to 'GLfloat'
C:\Users\DD\Desktop\local-CS330\CS330Content\Projects\7-1_FinalProjectMilestones_Edward-Johnson\Source\ShapeMeshes.cpp(917,57): warning C4305: 'initializing': truncation from 'double' to 'GLfloat'
C:\Users\DD\Desktop\local-CS330\CS330Content\Projects\7-1_FinalProjectMilestones_Edward-Johnson\Source\ShapeMeshes.cpp(918,56): warning C4305: 'initializing': truncation from 'double' to 'GLfloat'
C:\Users\DD\Desktop\local-CS330\CS330Content\Projects\7-1_FinalProjectMilestones_Edward-Johnson\Source\ShapeMeshes.cpp(919,56): warning C4305: 'initializing': truncation from 'double' to 'GLfloat'
C:\Users\DD\Desktop\local-CS330\CS330Content\Projects\7-1_FinalProjectMilestones_Edward-Johnson\Source\ShapeMeshes.cpp(920,57): warning C4305: 'initializing': truncation from 'double' to 'GLfloat'
C:\Users\DD\Desktop\local-CS330\CS330Content\Projects\7-1_FinalProjectMilestones_Edward-Johnson\Source\ShapeMeshes.cpp(921,56): warning C4305: 'initializing': truncation from 'double' to 'GLfloat'
C:\Users\DD\Desktop\local-CS330\CS330Content\Projects\7-1_FinalProjectMilestones_Edward-Johnson\Source\ShapeMeshes.cpp(922,57): warning C4305: 'initializing': truncation from 'double' to 'GLfloat'
C:\Users\DD\Desktop\local-CS330\CS330Content\Projects\7-1_FinalProjectMilestones_Edward-Johnson\Source\ShapeMeshes.cpp(923,57): warning C4305: 'initializing': truncation from 'double' to 'GLfloat'
C:\Users\DD\Desktop\local-CS330\CS330Content\Projects\7-1_FinalProjectMilestones_Edward-Johnson\Source\ShapeMeshes.cpp(924,57): warning C4305: 'initializing': truncation from 'double' to 'GLfloat'
C:\Users\DD\Desktop\local-CS330\CS330Content\Projects\7-1_FinalProjectMilestones_Edward-Johnson\Source\ShapeMeshes.cpp(925,57): warning C4305: 'initializing': truncation from 'double' to 'GLfloat'
C:\Users\DD\Desktop\local-CS330\CS330Content\Projects\7-1_FinalProjectMilestones_Edward-Johnson\Source\ShapeMeshes.cpp(926,57): warning C4305: 'initializing': truncation from 'double' to 'GLfloat'
C:\Users\DD\Desktop\local-CS330\CS330Content\Projects\7-1_FinalProjectMilestones_Edward-Johnson\Source\ShapeMeshes.cpp(927,57): warning C4305: 'initializing': truncation from 'double' to 'GLfloat'
C:\Users\DD\Desktop\local-CS330\CS330Content\Projects\7-1_FinalProjectMilestones_Edward-Johnson\Source\ShapeMeshes.cpp(929,57): warning C4305: 'initializing': truncation from 'double' to 'GLfloat'
C:\Users\DD\Desktop\local-CS330\CS330Content\Projects\7-1_FinalProjectMilestones_Edward-Johnson\Source\ShapeMeshes.cpp(1285,12): warning C4305: 'initializing': truncation from 'double' to 'GLfloat'
C:\Users\DD\Desktop\local-CS330\CS330Content\Projects\7-1_FinalProjectMilestones_Edward-Johnson\Source\ShapeMeshes.cpp(1294,13): warning C4305: 'initializing': truncation from 'double' to 'GLfloat'
C:\Users\DD\Desktop\local-CS330\CS330Content\Projects\7-1_FinalProjectMilestones_Edward-Johnson\Source\ShapeMeshes.cpp(1422,3): warning C4305: 'initializing': truncation from 'double' to 'GLfloat'
C:\Users\DD\Desktop\local-CS330\CS330Content\Projects\7-1_FinalProjectMilestones_Edward-Johnson\Source\ShapeMeshes.cpp(1537,12): warning C4305: 'initializing': truncation from 'double' to 'GLfloat'
C:\Users\DD\Desktop\local-CS330\CS330Content\Projects\7-1_FinalProjectMilestones_Edward-Johnson\Source\ShapeMeshes.cpp(1546,13): warning C4305: 'initializing': truncation from 'double' to 'GLfloat'
C:\Users\DD\Desktop\local-CS330\CS330Content\Projects\7-1_FinalProjectMilestones_Edward-Johnson\Source\ShapeMeshes.cpp(2111,11): warning C4101: 'v': unreferenced local variable
C:\Users\DD\Desktop\local-CS330\CS330Content\Projects\7-1_FinalProjectMilestones_Edward-Johnson\Source\ShapeMeshes.cpp(2111,8): warning C4101: 'u': unreferenced local variable
C:\Users\DD\Desktop\local-CS330\CS330Content\Projects\7-1_FinalProjectMilestones_Edward-Johnson\Source\ShapeMeshes.cpp(2242,22): warning C4305: 'initializing': truncation from 'double' to 'GLfloat'
C:\Users\DD\Desktop\local-CS330\CS330Content\Projects\7-1_FinalProjectMilestones_Edward-Johnson\Source\ShapeMeshes.cpp(2243,22): warning C4305: 'initializing': truncation from 'double' to 'GLfloat'
C:\Users\DD\Desktop\local-CS330\CS330Content\Projects\7-1_FinalProjectMilestones_Edward-Johnson\Source\ShapeMeshes.cpp(2244,24): warning C4305: 'initializing': truncation from 'double' to 'GLfloat'
C:\Users\DD\Desktop\local-CS330\CS330Content\Projects\7-1_FinalProjectMilestones_Edward-Johnson\Source\ShapeMeshes.cpp(2244,58): warning C4305: 'initializing': truncation from 'double' to 'GLfloat'
C:\Users\DD\Desktop\local-CS330\CS330Content\Projects\7-1_FinalProjectMilestones_Edward-Johnson\Source\ShapeMeshes.cpp(2245,22): warning C4305: 'initializing': truncation from 'double' to 'GLfloat'
C:\Users\DD\Desktop\local-CS330\CS330Content\Projects\7-1_FinalProjectMilestones_Edward-Johnson\Source\ShapeMeshes.cpp(2246,24): warning C4305: 'initializing': truncation from 'double' to 'GLfloat'
C:\Users\DD\Desktop\local-CS330\CS330Content\Projects\7-1_FinalProjectMilestones_Edward-Johnson\Source\ShapeMeshes.cpp(2246,59): warning C4305: 'initializing': truncation from 'double' to 'GLfloat'
C:\Users\DD\Desktop\local-CS330\CS330Content\Projects\7-1_FinalProjectMilestones_Edward-Johnson\Source\ShapeMeshes.cpp(2247,24): warning C4305: 'initializing': truncation from 'double' to 'GLfloat'
C:\Users\DD\Desktop\local-CS330\CS330Content\Projects\7-1_FinalProjectMilestones_Edward-Johnson\Source\ShapeMeshes.cpp(2247,58): warning C4305: 'initializing': truncation from 'double' to 'GLfloat'
C:\Users\DD\Desktop\local-CS330\CS330Content\Projects\7-1_FinalProjectMilestones_Edward-Johnson\Source\ShapeMeshes.cpp(2248,59): warning C4305: 'initializing': truncation from 'double' to 'GLfloat'
C:\Users\DD\Desktop\local-CS330\CS330Content\Projects\7-1_FinalProjectMilestones_Edward-Johnson\Source\ShapeMeshes.cpp(2249,59): warning C4305: 'initializing': truncation from 'double' to 'GLfloat'
C:\Users\DD\Desktop\local-CS330\CS330Content\Projects\7-1_FinalProjectMilestones_Edward-Johnson\Source\ShapeMeshes.cpp(2250,59): warning C4305: 'initializing': truncation from 'double' to 'GLfloat'
C:\Users\DD\Desktop\local-CS330\CS330Content\Projects\7-1_FinalProjectMilestones_Edward-Johnson\Source\ShapeMeshes.cpp(2251,59): warning C4305: 'initializing': truncation from 'double' to 'GLfloat'
C:\Users\DD\Desktop\local-CS330\CS330Content\Projects\7-1_FinalProjectMilestones_Edward-Johnson\Source\ShapeMeshes.cpp(2252,58): warning C4305: 'initializing': truncation from 'double' to 'GLfloat'
C:\Users\DD\Desktop\local-CS330\CS330Content\Projects\7-1_FinalProjectMilestones_Edward-Johnson\Source\ShapeMeshes.cpp(2253,59): warning C4305: 'initializing': truncation from 'double' to 'GLfloat'
C:\Users\DD\Desktop\local-CS330\CS330Content\Projects\7-1_FinalProjectMilestones_Edward-Johnson\Source\ShapeMeshes.cpp(2254,59): warning C4305: 'initializing': truncation from 'double' to 'GLfloat'
C:\Users\DD\Desktop\local-CS330\CS330Content\Projects\7-1_FinalProjectMilestones_Edward-Johnson\Source\ShapeMeshes.cpp(2255,58): warning C4305: 'initializing': truncation from 'double' to 'GLfloat'
C:\Users\DD\Desktop\local-CS330\CS330Content\Projects\7-1_FinalProjectMilestones_Edward-Johnson\Source\ShapeMeshes.cpp(2256,59): warning C4305: 'initializing': truncation from 'double' to 'GLfloat'
C:\Users\DD\Desktop\local-CS330\CS330Content\Projects\7-1_FinalProjectMilestones_Edward-Johnson\Source\ShapeMeshes.cpp(2257,59): warning C4305: 'initializing': truncation from 'double' to 'GLfloat'
C:\Users\DD\Desktop\local-CS330\CS330Content\Projects\7-1_FinalProjectMilestones_Edward-Johnson\Source\ShapeMeshes.cpp(2258,59): warning C4305: 'initializing': truncation from 'double' to 'GLfloat'
C:\Users\DD\Desktop\local-CS330\CS330Content\Projects\7-1_FinalProjectMilestones_Edward-Johnson\Source\ShapeMeshes.cpp(2259,59): warning C4305: 'initializing': truncation from 'double' to 'GLfloat'
C:\Users\DD\Desktop\local-CS330\CS330Content\Projects\7-1_FinalProjectMilestones_Edward-Johnson\Source\ShapeMeshes.cpp(2260,59): warning C4305: 'initializing': truncation from 'double' to 'GLfloat'
C:\Users\DD\Desktop\local-CS330\CS330Content\Projects\7-1_FinalProjectMilestones_Edward-Johnson\Source\ShapeMeshes.cpp(2261,59): warning C4305: 'initializing': truncation from 'double' to 'GLfloat'
C:\Users\DD\Desktop\local-CS330\CS330Content\Projects\7-1_FinalProjectMilestones_Edward-Johnson\Source\ShapeMeshes.cpp(2262,59): warning C4305: 'initializing': truncation from 'double' to 'GLfloat'
C:\Users\DD\Desktop\local-CS330\CS330Content\Projects\7-1_FinalProjectMilestones_Edward-Johnson\Source\ShapeMeshes.cpp(2263,59): warning C4305: 'initializing': truncation from 'double' to 'GLfloat'
C:\Users\DD\Desktop\local-CS330\CS330Content\Projects\7-1_FinalProjectMilestones_Edward-Johnson\Source\ShapeMeshes.cpp(2264,58): warning C4305: 'initializing': truncation from 'double' to 'GLfloat'
C:\Users\DD\Desktop\local-CS330\CS330Content\Projects\7-1_FinalProjectMilestones_Edward-Johnson\Source\ShapeMeshes.cpp(2265,59): warning C4305: 'initializing': truncation from 'double' to 'GLfloat'
C:\Users\DD\Desktop\local-CS330\CS330Content\Projects\7-1_FinalProjectMilestones_Edward-Johnson\Source\ShapeMeshes.cpp(2266,59): warning C4305: 'initializing': truncation from 'double' to 'GLfloat'
C:\Users\DD\Desktop\local-CS330\CS330Content\Projects\7-1_FinalProjectMilestones_Edward-Johnson\Source\ShapeMeshes.cpp(2267,58): warning C4305: 'initializing': truncation from 'double' to 'GLfloat'
C:\Users\DD\Desktop\local-CS330\CS330Content\Projects\7-1_FinalProjectMilestones_Edward-Johnson\Source\ShapeMeshes.cpp(2268,59): warning C4305: 'initializing': truncation from 'double' to 'GLfloat'
C:\Users\DD\Desktop\local-CS330\CS330Content\Projects\7-1_FinalProjectMilestones_Edward-Johnson\Source\ShapeMeshes.cpp(2269,59): warning C4305: 'initializing': truncation from 'double' to 'GLfloat'
C:\Users\DD\Desktop\local-CS330\CS330Content\Projects\7-1_FinalProjectMilestones_Edward-Johnson\Source\ShapeMeshes.cpp(2270,59): warning C4305: 'initializing': truncation from 'double' to 'GLfloat'
C:\Users\DD\Desktop\local-CS330\CS330Content\Projects\7-1_FinalProjectMilestones_Edward-Johnson\Source\ShapeMeshes.cpp(2271,59): warning C4305: 'initializing': truncation from 'double' to 'GLfloat'
C:\Users\DD\Desktop\local-CS330\CS330Content\Projects\7-1_FinalProjectMilestones_Edward-Johnson\Source\ShapeMeshes.cpp(2272,59): warning C4305: 'initializing': truncation from 'double' to 'GLfloat'
C:\Users\DD\Desktop\local-CS330\CS330Content\Projects\7-1_FinalProjectMilestones_Edward-Johnson\Source\ShapeMeshes.cpp(2273,59): warning C4305: 'initializing': truncation from 'double' to 'GLfloat'
C:\Users\DD\Desktop\local-CS330\CS330Content\Projects\7-1_FinalProjectMilestones_Edward-Johnson\Source\ShapeMeshes.cpp(2274,59): warning C4305: 'initializing': truncation from 'double' to 'GLfloat'
C:\Users\DD\Desktop\local-CS330\CS330Content\Projects\7-1_FinalProjectMilestones_Edward-Johnson\Source\ShapeMeshes.cpp(2275,59): warning C4305: 'initializing': truncation from 'double' to 'GLfloat'
C:\Users\DD\Desktop\local-CS330\CS330Content\Projects\7-1_FinalProjectMilestones_Edward-Johnson\Source\ShapeMeshes.cpp(2276,58): warning C4305: 'initializing': truncation from 'double' to 'GLfloat'
C:\Users\DD\Desktop\local-CS330\CS330Content\Projects\7-1_FinalProjectMilestones_Edward-Johnson\Source\ShapeMeshes.cpp(2277,59): warning C4305: 'initializing': truncation from 'double' to 'GLfloat'
C:\Users\DD\Desktop\local-CS330\CS330Content\Projects\7-1_FinalProjectMilestones_Edward-Johnson\Source\ShapeMeshes.cpp(2278,59): warning C4305: 'initializing': truncation from 'double' to 'GLfloat'
C:\Users\DD\Desktop\local-CS330\CS330Content\Projects\7-1_FinalProjectMilestones_Edward-Johnson\Source\ShapeMeshes.cpp(2279,59): warning C4305: 'initializing': truncation from 'double' to 'GLfloat'
C:\Users\DD\Desktop\local-CS330\CS330Content\Projects\7-1_FinalProjectMilestones_Edward-Johnson\Source\ShapeMeshes.cpp(2280,60): warning C4305: 'initializing': truncation from 'double' to 'GLfloat'
C:\Users\DD\Desktop\local-CS330\CS330Content\Projects\7-1_FinalProjectMilestones_Edward-Johnson\Source\ShapeMeshes.cpp(2281,59): warning C4305: 'initializing': truncation from 'double' to 'GLfloat'
C:\Users\DD\Desktop\local-CS330\CS330Content\Projects\7-1_FinalProjectMilestones_Edward-Johnson\Source\ShapeMeshes.cpp(2282,61): warning C4305: 'initializing': truncation from 'double' to 'GLfloat'
C:\Users\DD\Desktop\local-CS330\CS330Content\Projects\7-1_FinalProjectMilestones_Edward-Johnson\Source\ShapeMeshes.cpp(2283,60): warning C4305: 'initializing': truncation from 'double' to 'GLfloat'
C:\Users\DD\Desktop\local-CS330\CS330Content\Projects\7-1_FinalProjectMilestones_Edward-Johnson\Source\ShapeMeshes.cpp(2284,60): warning C4305: 'initializing': truncation from 'double' to 'GLfloat'
C:\Users\DD\Desktop\local-CS330\CS330Content\Projects\7-1_FinalProjectMilestones_Edward-Johnson\Source\ShapeMeshes.cpp(2285,61): warning C4305: 'initializing': truncation from 'double' to 'GLfloat'
C:\Users\DD\Desktop\local-CS330\CS330Content\Projects\7-1_FinalProjectMilestones_Edward-Johnson\Source\ShapeMeshes.cpp(2286,60): warning C4305: 'initializing': truncation from 'double' to 'GLfloat'
C:\Users\DD\Desktop\local-CS330\CS330Content\Projects\7-1_FinalProjectMilestones_Edward-Johnson\Source\ShapeMeshes.cpp(2287,60): warning C4305: 'initializing': truncation from 'double' to 'GLfloat'
C:\Users\DD\Desktop\local-CS330\CS330Content\Projects\7-1_FinalProjectMilestones_Edward-Johnson\Source\ShapeMeshes.cpp(2288,60): warning C4305: 'initializing': truncation from 'double' to 'GLfloat'
C:\Users\DD\Desktop\local-CS330\CS330Content\Projects\7-1_FinalProjectMilestones_Edward-Johnson\Source\ShapeMeshes.cpp(2289,60): warning C4305: 'initializing': truncation from 'double' to 'GLfloat'
C:\Users\DD\Desktop\local-CS330\CS330Content\Projects\7-1_FinalProjectMilestones_Edward-Johnson\Source\ShapeMeshes.cpp(2290,61): warning C4305: 'initializing': truncation from 'double' to 'GLfloat'
C:\Users\DD\Desktop\local-CS330\CS330Content\Projects\7-1_FinalProjectMilestones_Edward-Johnson\Source\ShapeMeshes.cpp(2291,60): warning C4305: 'initializing': truncation from 'double' to 'GLfloat'
C:\Users\DD\Desktop\local-CS330\CS330Content\Projects\7-1_FinalProjectMilestones_Edward-Johnson\Source\ShapeMeshes.cpp(2292,60): warning C4305: 'initializing': truncation from 'double' to 'GLfloat'
C:\Users\DD\Desktop\local-CS330\CS330Content\Projects\7-1_FinalProjectMilestones_Edward-Johnson\Source\ShapeMeshes.cpp(2293,61): warning C4305: 'initializing': truncation from 'double' to 'GLfloat'
C:\Users\DD\Desktop\local-CS330\CS330Content\Projects\7-1_FinalProjectMilestones_Edward-Johnson\Source\ShapeMeshes.cpp(2294,61): warning C4305: 'initializing': truncation from 'double' to 'GLfloat'
C:\Users\DD\Desktop\local-CS330\CS330Content\Projects\7-1_FinalProjectMilestones_Edward-Johnson\Source\ShapeMeshes.cpp(2295,60): warning C4305: 'initializing': truncation from 'double' to 'GLfloat'
C:\Users\DD\Desktop\local-CS330\CS330Content\Projects\7-1_FinalProjectMilestones_Edward-Johnson\Source\ShapeMeshes.cpp(2296,60): warning C4305: 'initializing': truncation from 'double' to 'GLfloat'
C:\Users\DD\Desktop\local-CS330\CS330Content\Projects\7-1_FinalProjectMilestones_Edward-Johnson\Source\ShapeMeshes.cpp(2297,61): warning C4305: 'initializing': truncation from 'double' to 'GLfloat'
C:\Users\DD\Desktop\local-CS330\CS330Content\Projects\7-1_FinalProjectMilestones_Edward-Johnson\Source\ShapeMeshes.cpp(2298,61): warning C4305: 'initializing': truncation from 'double' to 'GLfloat'
C:\Users\DD\Desktop\local-CS330\CS330Content\Projects\7-1_FinalProjectMilestones_Edward-Johnson\Source\ShapeMeshes.cpp(2299,60): warning C4305: 'initializing': truncation from 'double' to 'GLfloat'
C:\Users\DD\Desktop\local-CS330\CS330Content\Projects\7-1_FinalProjectMilestones_Edward-Johnson\Source\ShapeMeshes.cpp(2300,60): warning C4305: 'initializing': truncation from 'double' to 'GLfloat'
C:\Users\DD\Desktop\local-CS330\CS330Content\Projects\7-1_FinalProjectMilestones_Edward-Johnson\Source\ShapeMeshes.cpp(2301,61): warning C4305: 'initializing': truncation from 'double' to 'GLfloat'
C:\Users\DD\Desktop\local-CS330\CS330Content\Projects\7-1_FinalProjectMilestones_Edward-Johnson\Source\ShapeMeshes.cpp(2302,61): warning C4305: 'initializing': truncation from 'double' to 'GLfloat'
C:\Users\DD\Desktop\local-CS330\CS330Content\Projects\7-1_FinalProjectMilestones_Edward-Johnson\Source\ShapeMeshes.cpp(2303,60): warning C4305: 'initializing': truncation from 'double' to 'GLfloat'
C:\Users\DD\Desktop\local-CS330\CS330Content\Projects\7-1_FinalProjectMilestones_Edward-Johnson\Source\ShapeMeshes.cpp(2304,60): warning C4305: 'initializing': truncation from 'double' to 'GLfloat'
C:\Users\DD\Desktop\local-CS330\CS330Content\Projects\7-1_FinalProjectMilestones_Edward-Johnson\Source\ShapeMeshes.cpp(2305,61): warning C4305: 'initializing': truncation from 'double' to 'GLfloat'
C:\Users\DD\Desktop\local-CS330\CS330Content\Projects\7-1_FinalProjectMilestones_Edward-Johnson\Source\ShapeMeshes.cpp(2306,60): warning C4305: 'initializing': truncation from 'double' to 'GLfloat'
C:\Users\DD\Desktop\local-CS330\CS330Content\Projects\7-1_FinalProjectMilestones_Edward-Johnson\Source\ShapeMeshes.cpp(2307,60): warning C4305: 'initializing': truncation from 'double' to 'GLfloat'
C:\Users\DD\Desktop\local-CS330\CS330Content\Projects\7-1_FinalProjectMilestones_Edward-Johnson\Source\ShapeMeshes.cpp(2308,60): warning C4305: 'initializing': truncation from 'double' to 'GLfloat'
C:\Users\DD\Desktop\local-CS330\CS330Content\Projects\7-1_FinalProjectMilestones_Edward-Johnson\Source\ShapeMeshes.cpp(2309,60): warning C4305: 'initializing': truncation from 'double' to 'GLfloat'
C:\Users\DD\Desktop\local-CS330\CS330Content\Projects\7-1_FinalProjectMilestones_Edward-Johnson\Source\ShapeMeshes.cpp(2310,61): warning C4305: 'initializing': truncation from 'double' to 'GLfloat'
C:\Users\DD\Desktop\local-CS330\CS330Content\Projects\7-1_FinalProjectMilestones_Edward-Johnson\Source\ShapeMeshes.cpp(2311,60): warning C4305: 'initializing': truncation from 'double' to 'GLfloat'
C:\Users\DD\Desktop\local-CS330\CS330Content\Projects\7-1_FinalProjectMilestones_Edward-Johnson\Source\ShapeMeshes.cpp(2312,59): warning C4305: 'initializing': truncation from 'double' to 'GLfloat'
C:\Users\DD\Desktop\local-CS330\CS330Content\Projects\7-1_FinalProjectMilestones_Edward-Johnson\Source\ShapeMeshes.cpp(2313,61): warning C4305: 'initializing': truncation from 'double' to 'GLfloat'
C:\Users\DD\Desktop\local-CS330\CS330Content\Projects\7-1_FinalProjectMilestones_Edward-Johnson\Source\ShapeMeshes.cpp(2314,59): warning C4305: 'initializing': truncation from 'double' to 'GLfloat'
C:\Users\DD\Desktop\local-CS330\CS330Content\Projects\7-1_FinalProjectMilestones_Edward-Johnson\Source\ShapeMeshes.cpp(2315,59): warning C4305: 'initializing': truncation from 'double' to 'GLfloat'
C:\Users\DD\Desktop\local-CS330\CS330Content\Projects\7-1_FinalProjectMilestones_Edward-Johnson\Source\ShapeMeshes.cpp(2316,59): warning C4305: 'initializing': truncation from 'double' to 'GLfloat'
C:\Users\DD\Desktop\local-CS330\CS330Content\Projects\7-1_FinalProjectMilestones_Edward-Johnson\Source\ShapeMeshes.cpp(2317,58): warning C4305: 'initializing': truncation from 'double' to 'GLfloat'
C:\Users\DD\Desktop\local-CS330\CS330Content\Projects\7-1_FinalProjectMilestones_Edward-Johnson\Source\ShapeMeshes.cpp(2318,59): warning C4305: 'initializing': truncation from 'double' to 'GLfloat'
C:\Users\DD\Desktop\local-CS330\CS330Content\Projects\7-1_FinalProjectMilestones_Edward-Johnson\Source\ShapeMeshes.cpp(2319,59): warning C4305: 'initializing': truncation from 'double' to 'GLfloat'
C:\Users\DD\Desktop\local-CS330\CS330Content\Projects\7-1_FinalProjectMilestones_Edward-Johnson\Source\ShapeMeshes.cpp(2320,59): warning C4305: 'initializing': truncation from 'double' to 'GLfloat'
C:\Users\DD\Desktop\local-CS330\CS330Content\Projects\7-1_FinalProjectMilestones_Edward-Johnson\Source\ShapeMeshes.cpp(2321,59): warning C4305: 'initializing': truncation from 'double' to 'GLfloat'
C:\Users\DD\Desktop\local-CS330\CS330Content\Projects\7-1_FinalProjectMilestones_Edward-Johnson\Source\ShapeMeshes.cpp(2322,59): warning C4305: 'initializing': truncation from 'double' to 'GLfloat'
C:\Users\DD\Desktop\local-CS330\CS330Content\Projects\7-1_FinalProjectMilestones_Edward-Johnson\Source\ShapeMeshes.cpp(2323,59): warning C4305: 'initializing': truncation from 'double' to 'GLfloat'
C:\Users\DD\Desktop\local-CS330\CS330Content\Projects\7-1_FinalProjectMilestones_Edward-Johnson\Source\ShapeMeshes.cpp(2324,58): warning C4305: 'initializing': truncation from 'double' to 'GLfloat'
C:\Users\DD\Desktop\local-CS330\CS330Content\Projects\7-1_FinalProjectMilestones_Edward-Johnson\Source\ShapeMeshes.cpp(2325,59): warning C4305: 'initializing': truncation from 'double' to 'GLfloat'
C:\Users\DD\Desktop\local-CS330\CS330Content\Projects\7-1_FinalProjectMilestones_Edward-Johnson\Source\ShapeMeshes.cpp(2326,59): warning C4305: 'initializing': truncation from 'double' to 'GLfloat'
C:\Users\DD\Desktop\local-CS330\CS330Content\Projects\7-1_FinalProjectMilestones_Edward-Johnson\Source\ShapeMeshes.cpp(2327,58): warning C4305: 'initializing': truncation from 'double' to 'GLfloat'
C:\Users\DD\Desktop\local-CS330\CS330Content\Projects\7-1_FinalProjectMilestones_Edward-Johnson\Source\ShapeMeshes.cpp(2328,59): warning C4305: 'initializing': truncation from 'double' to 'GLfloat'
C:\Users\DD\Desktop\local-CS330\CS330Content\Projects\7-1_FinalProjectMilestones_Edward-Johnson\Source\ShapeMeshes.cpp(2329,59): warning C4305: 'initializing': truncation from 'double' to 'GLfloat'
C:\Users\DD\Desktop\local-CS330\CS330Content\Projects\7-1_FinalProjectMilestones_Edward-Johnson\Source\ShapeMeshes.cpp(2330,59): warning C4305: 'initializing': truncation from 'double' to 'GLfloat'
C:\Users\DD\Desktop\local-CS330\CS330Content\Projects\7-1_FinalProjectMilestones_Edward-Johnson\Source\ShapeMeshes.cpp(2331,59): warning C4305: 'initializing': truncation from 'double' to 'GLfloat'
C:\Users\DD\Desktop\local-CS330\CS330Content\Projects\7-1_FinalProjectMilestones_Edward-Johnson\Source\ShapeMeshes.cpp(2332,59): warning C4305: 'initializing': truncation from 'double' to 'GLfloat'
C:\Users\DD\Desktop\local-CS330\CS330Content\Projects\7-1_FinalProjectMilestones_Edward-Johnson\Source\ShapeMeshes.cpp(2333,59): warning C4305: 'initializing': truncation from 'double' to 'GLfloat'
C:\Users\DD\Desktop\local-CS330\CS330Content\Projects\7-1_FinalProjectMilestones_Edward-Johnson\Source\ShapeMeshes.cpp(2334,59): warning C4305: 'initializing': truncation from 'double' to 'GLfloat'
C:\Users\DD\Desktop\local-CS330\CS330Content\Projects\7-1_FinalProjectMilestones_Edward-Johnson\Source\ShapeMeshes.cpp(2335,59): warning C4305: 'initializing': truncation from 'double' to 'GLfloat'
C:\Users\DD\Desktop\local-CS330\CS330Content\Projects\7-1_FinalProjectMilestones_Edward-Johnson\Source\ShapeMeshes.cpp(2336,58): warning C4305: 'initializing': truncation from 'double' to 'GLfloat'
C:\Users\DD\Desktop\local-CS330\CS330Content\Projects\7-1_FinalProjectMilestones_Edward-Johnson\Source\ShapeMeshes.cpp(2337,59): warning C4305: 'initializing': truncation from 'double' to 'GLfloat'
C:\Users\DD\Desktop\local-CS330\CS330Content\Projects\7-1_FinalProjectMilestones_Edward-Johnson\Source\ShapeMeshes.cpp(2338,59): warning C4305: 'initializing': truncation from 'double' to 'GLfloat'
C:\Users\DD\Desktop\local-CS330\CS330Content\Projects\7-1_FinalProjectMilestones_Edward-Johnson\Source\ShapeMeshes.cpp(2339,58): warning C4305: 'initializing': truncation from 'double' to 'GLfloat'
C:\Users\DD\Desktop\local-CS330\CS330Content\Projects\7-1_FinalProjectMilestones_Edward-Johnson\Source\ShapeMeshes.cpp(2340,59): warning C4305: 'initializing': truncation from 'double' to 'GLfloat'
C:\Users\DD\Desktop\local-CS330\CS330Content\Projects\7-1_FinalProjectMilestones_Edward-Johnson\Source\ShapeMeshes.cpp(2341,59): warning C4305: 'initializing': truncation from 'double' to 'GLfloat'
C:\Users\DD\Desktop\local-CS330\CS330Content\Projects\7-1_FinalProjectMilestones_Edward-Johnson\Source\ShapeMeshes.cpp(2342,59): warning C4305: 'initializing': truncation from 'double' to 'GLfloat'
C:\Users\DD\Desktop\local-CS330\CS330Content\Projects\7-1_FinalProjectMilestones_Edward-Johnson\Source\ShapeMeshes.cpp(2343,59): warning C4305: 'initializing': truncation from 'double' to 'GLfloat'
C:\Users\DD\Desktop\local-CS330\CS330Content\Projects\7-1_FinalProjectMilestones_Edward-Johnson\Source\ShapeMeshes.cpp(2344,59): warning C4305: 'initializing': truncation from 'double' to 'GLfloat'
C:\Users\DD\Desktop\local-CS330\CS330Content\Projects\7-1_FinalProjectMilestones_Edward-Johnson\Source\ShapeMeshes.cpp(2345,59): warning C4305: 'initializing': truncation from 'double' to 'GLfloat'
C:\Users\DD\Desktop\local-CS330\CS330Content\Projects\7-1_FinalProjectMilestones_Edward-Johnson\Source\ShapeMeshes.cpp(2346,59): warning C4305: 'initializing': truncation from 'double' to 'GLfloat'
C:\Users\DD\Desktop\local-CS330\CS330Content\Projects\7-1_FinalProjectMilestones_Edward-Johnson\Source\ShapeMeshes.cpp(2347,59): warning C4305: 'initializing': truncation from 'double' to 'GLfloat'
C:\Users\DD\Desktop\local-CS330\CS330Content\Projects\7-1_FinalProjectMilestones_Edward-Johnson\Source\ShapeMeshes.cpp(2348,57): warning C4305: 'initializing': truncation from 'double' to 'GLfloat'
C:\Users\DD\Desktop\local-CS330\CS330Content\Projects\7-1_FinalProjectMilestones_Edward-Johnson\Source\ShapeMeshes.cpp(2349,59): warning C4305: 'initializing': truncation from 'double' to 'GLfloat'
C:\Users\DD\Desktop\local-CS330\CS330Content\Projects\7-1_FinalProjectMilestones_Edward-Johnson\Source\ShapeMeshes.cpp(2350,57): warning C4305: 'initializing': truncation from 'double' to 'GLfloat'
C:\Users\DD\Desktop\local-CS330\CS330Content\Projects\7-1_FinalProjectMilestones_Edward-Johnson\Source\ShapeMeshes.cpp(2351,57): warning C4305: 'initializing': truncation from 'double' to 'GLfloat'
C:\Users\DD\Desktop\local-CS330\CS330Content\Projects\7-1_FinalProjectMilestones_Edward-Johnson\Source\ShapeMeshes.cpp(2352,57): warning C4305: 'initializing': truncation from 'double' to 'GLfloat'
C:\Users\DD\Desktop\local-CS330\CS330Content\Projects\7-1_FinalProjectMilestones_Edward-Johnson\Source\ShapeMeshes.cpp(2353,56): warning C4305: 'initializing': truncation from 'double' to 'GLfloat'
C:\Users\DD\Desktop\local-CS330\CS330Content\Projects\7-1_FinalProjectMilestones_Edward-Johnson\Source\ShapeMeshes.cpp(2354,58): warning C4305: 'initializing': truncation from 'double' to 'GLfloat'
C:\Users\DD\Desktop\local-CS330\CS330Content\Projects\7-1_FinalProjectMilestones_Edward-Johnson\Source\ShapeMeshes.cpp(2355,57): warning C4305: 'initializing': truncation from 'double' to 'GLfloat'
C:\Users\DD\Desktop\local-CS330\CS330Content\Projects\7-1_FinalProjectMilestones_Edward-Johnson\Source\ShapeMeshes.cpp(2356,57): warning C4305: 'initializing': truncation from 'double' to 'GLfloat'
C:\Users\DD\Desktop\local-CS330\CS330Content\Projects\7-1_FinalProjectMilestones_Edward-Johnson\Source\ShapeMeshes.cpp(2357,58): warning C4305: 'initializing': truncation from 'double' to 'GLfloat'
C:\Users\DD\Desktop\local-CS330\CS330Content\Projects\7-1_FinalProjectMilestones_Edward-Johnson\Source\ShapeMeshes.cpp(2358,57): warning C4305: 'initializing': truncation from 'double' to 'GLfloat'
C:\Users\DD\Desktop\local-CS330\CS330Content\Projects\7-1_FinalProjectMilestones_Edward-Johnson\Source\ShapeMeshes.cpp(2359,57): warning C4305: 'initializing': truncation from 'double' to 'GLfloat'
C:\Users\DD\Desktop\local-CS330\CS330Content\Projects\7-1_FinalProjectMilestones_Edward-Johnson\Source\ShapeMeshes.cpp(2360,56): warning C4305: 'initializing': truncation from 'double' to 'GLfloat'
C:\Users\DD\Desktop\local-CS330\CS330Content\Projects\7-1_FinalProjectMilestones_Edward-Johnson\Source\ShapeMeshes.cpp(2361,57): warning C4305: 'initializing': truncation from 'double' to 'GLfloat'
C:\Users\DD\Desktop\local-CS330\CS330Content\Projects\7-1_FinalProjectMilestones_Edward-Johnson\Source\ShapeMeshes.cpp(2362,58): warning C4305: 'initializing': truncation from 'double' to 'GLfloat'
C:\Users\DD\Desktop\local-CS330\CS330Content\Projects\7-1_FinalProjectMilestones_Edward-Johnson\Source\ShapeMeshes.cpp(2363,56): warning C4305: 'initializing': truncation from 'double' to 'GLfloat'
C:\Users\DD\Desktop\local-CS330\CS330Content\Projects\7-1_FinalProjectMilestones_Edward-Johnson\Source\ShapeMeshes.cpp(2364,57): warning C4305: 'initializing': truncation from 'double' to 'GLfloat'
C:\Users\DD\Desktop\local-CS330\CS330Content\Projects\7-1_FinalProjectMilestones_Edward-Johnson\Source\ShapeMeshes.cpp(2365,58): warning C4305: 'initializing': truncation from 'double' to 'GLfloat'
C:\Users\DD\Desktop\local-CS330\CS330Content\Projects\7-1_FinalProjectMilestones_Edward-Johnson\Source\ShapeMeshes.cpp(2366,58): warning C4305: 'initializing': truncation from 'double' to 'GLfloat'
C:\Users\DD\Desktop\local-CS330\CS330Content\Projects\7-1_FinalProjectMilestones_Edward-Johnson\Source\ShapeMeshes.cpp(2367,57): warning C4305: 'initializing': truncation from 'double' to 'GLfloat'
C:\Users\DD\Desktop\local-CS330\CS330Content\Projects\7-1_FinalProjectMilestones_Edward-Johnson\Source\ShapeMeshes.cpp(2368,57): warning C4305: 'initializing': truncation from 'double' to 'GLfloat'
C:\Users\DD\Desktop\local-CS330\CS330Content\Projects\7-1_FinalProjectMilestones_Edward-Johnson\Source\ShapeMeshes.cpp(2369,58): warning C4305: 'initializing': truncation from 'double' to 'GLfloat'
C:\Users\DD\Desktop\local-CS330\CS330Content\Projects\7-1_FinalProjectMilestones_Edward-Johnson\Source\ShapeMeshes.cpp(2370,58): warning C4305: 'initializing': truncation from 'double' to 'GLfloat'
C:\Users\DD\Desktop\local-CS330\CS330Content\Projects\7-1_FinalProjectMilestones_Edward-Johnson\Source\ShapeMeshes.cpp(2371,57): warning C4305: 'initializing': truncation from 'double' to 'GLfloat'
C:\Users\DD\Desktop\local-CS330\CS330Content\Projects\7-1_FinalProjectMilestones_Edward-Johnson\Source\ShapeMeshes.cpp(2372,56): warning C4305: 'initializing': truncation from 'double' to 'GLfloat'
C:\Users\DD\Desktop\local-CS330\CS330Content\Projects\7-1_FinalProjectMilestones_Edward-Johnson\Source\ShapeMeshes.cpp(2373,58): warning C4305: 'initializing': truncation from 'double' to 'GLfloat'
C:\Users\DD\Desktop\local-CS330\CS330Content\Projects\7-1_FinalProjectMilestones_Edward-Johnson\Source\ShapeMeshes.cpp(2374,58): warning C4305: 'initializing': truncation from 'double' to 'GLfloat'
C:\Users\DD\Desktop\local-CS330\CS330Content\Projects\7-1_FinalProjectMilestones_Edward-Johnson\Source\ShapeMeshes.cpp(2375,56): warning C4305: 'initializing': truncation from 'double' to 'GLfloat'
C:\Users\DD\Desktop\local-CS330\CS330Content\Projects\7-1_FinalProjectMilestones_Edward-Johnson\Source\ShapeMeshes.cpp(2376,57): warning C4305: 'initializing': truncation from 'double' to 'GLfloat'
C:\Users\DD\Desktop\local-CS330\CS330Content\Projects\7-1_FinalProjectMilestones_Edward-Johnson\Source\ShapeMeshes.cpp(2377,58): warning C4305: 'initializing': truncation from 'double' to 'GLfloat'
C:\Users\DD\Desktop\local-CS330\CS330Content\Projects\7-1_FinalProjectMilestones_Edward-Johnson\Source\ShapeMeshes.cpp(2378,57): warning C4305: 'initializing': truncation from 'double' to 'GLfloat'
C:\Users\DD\Desktop\local-CS330\CS330Content\Projects\7-1_FinalProjectMilestones_Edward-Johnson\Source\ShapeMeshes.cpp(2379,57): warning C4305: 'initializing': truncation from 'double' to 'GLfloat'
C:\Users\DD\Desktop\local-CS330\CS330Content\Projects\7-1_FinalProjectMilestones_Edward-Johnson\Source\ShapeMeshes.cpp(2380,57): warning C4305: 'initializing': truncation from 'double' to 'GLfloat'
C:\Users\DD\Desktop\local-CS330\CS330Content\Projects\7-1_FinalProjectMilestones_Edward-Johnson\Source\ShapeMeshes.cpp(2381,57): warning C4305: 'initializing': truncation from 'double' to 'GLfloat'
C:\Users\DD\Desktop\local-CS330\CS330Content\Projects\7-1_FinalProjectMilestones_Edward-Johnson\Source\ShapeMeshes.cpp(2382,58): warning C4305: 'initializing': truncation from 'double' to 'GLfloat'
C:\Users\DD\Desktop\local-CS330\CS330Content\Projects\7-1_FinalProjectMilestones_Edward-Johnson\Source\ShapeMeshes.cpp(2383,57): warning C4305: 'initializing': truncation from 'double' to 'GLfloat'
C:\Users\DD\Desktop\local-CS330\CS330Content\Projects\7-1_FinalProjectMilestones_Edward-Johnson\Source\ShapeMeshes.cpp(2385,58): warning C4305: 'initializing': truncation from 'double' to 'GLfloat'
C:\Users\DD\Desktop\local-CS330\CS330Content\Projects\7-1_FinalProjectMilestones_Edward-Johnson\Source\ShapeMeshes.cpp(2477,23): warning C4244: 'initializing': conversion from 'double' to 'float', possible loss of data
C:\Users\DD\Desktop\local-CS330\CS330Content\Projects\7-1_FinalProjectMilestones_Edward-Johnson\Source\ShapeMeshes.cpp(2478,21): warning C4244: 'initializing': conversion from 'double' to 'float', possible loss of data
C:\Users\DD\Desktop\local-CS330\CS330Content\Projects\7-1_FinalProjectMilestones_Edward-Johnson\Source\ShapeMeshes.cpp(2568,20): warning C4018: '<': signed/unsigned mismatch
  ViewManager.cpp
C:\Users\DD\Desktop\local-CS330\CS330Content\Projects\7-1_FinalProjectMilestones_Edward-Johnson\Source\ViewManager.cpp(136,12): warning C4244: '=': conversion from 'double' to 'float', possible loss of data
C:\Users\DD\Desktop\local-CS330\CS330Content\Projects\7-1_FinalProjectMilestones_Edward-Johnson\Source\ViewManager.cpp(137,12): warning C4244: '=': conversion from 'double' to 'float', possible loss of data
C:\Users\DD\Desktop\local-CS330\CS330Content\Projects\7-1_FinalProjectMilestones_Edward-Johnson\Source\ViewManager.cpp(143,16): warning C4244: 'initializing': conversion from 'double' to 'float', possible loss of data
C:\Users\DD\Desktop\local-CS330\CS330Content\Projects\7-1_FinalProjectMilestones_Edward-Johnson\Source\ViewManager.cpp(144,16): warning C4244: 'initializing': conversion from 'double' to 'float', possible loss of data
C:\Users\DD\Desktop\local-CS330\CS330Content\Projects\7-1_FinalProjectMilestones_Edward-Johnson\Source\ViewManager.cpp(148,11): warning C4244: '=': conversion from 'double' to 'float', possible loss of data
C:\Users\DD\Desktop\local-CS330\CS330Content\Projects\7-1_FinalProjectMilestones_Edward-Johnson\Source\ViewManager.cpp(149,11): warning C4244: '=': conversion from 'double' to 'float', possible loss of data
C:\Users\DD\Desktop\local-CS330\CS330Content\Projects\7-1_FinalProjectMilestones_Edward-Johnson\Source\ViewManager.cpp(298,21): warning C4244: 'initializing': conversion from 'double' to 'float', possible loss of data
  ShaderManager.cpp
  Generating Code...
  7-1_FinalProjectMilestones.vcxproj -> C:\Users\DD\Desktop\local-CS330\CS330Content\Projects\7-1_FinalProjectMilestones_Edward-Johnson\Debug\7-1_FinalProjectMilestones.exe
